[0.584s] Invoking command in '/home/jesus-rivera/ros2_jazzy/turtlesim_ws/src/my_turtle_controller': DEBUGINFOD_URLS=https://debuginfod.ubuntu.com PYTHONPATH=/home/jesus-rivera/ros2_jazzy/turtlesim_ws/src/build/my_turtle_controller/prefix_override:/usr/lib/python3/dist-packages/colcon_core/task/python/colcon_distutils_commands:/home/jesus-rivera/ros2_jazzy/turtlesim_ws/src/install/my_turtle_controller/lib/python3.12/site-packages:${PYTHONPATH} /usr/bin/python3 -W ignore:setup.py install is deprecated -W ignore:easy_install command is deprecated setup.py egg_info --egg-base ../build/my_turtle_controller build --build-base /home/jesus-rivera/ros2_jazzy/turtlesim_ws/src/build/my_turtle_controller/build install --record /home/jesus-rivera/ros2_jazzy/turtlesim_ws/src/build/my_turtle_controller/install.log --single-version-externally-managed install_data
[0.783s] running egg_info
[0.783s] creating ../build/my_turtle_controller/my_turtle_controller.egg-info
[0.798s] writing ../build/my_turtle_controller/my_turtle_controller.egg-info/PKG-INFO
[0.798s] writing dependency_links to ../build/my_turtle_controller/my_turtle_controller.egg-info/dependency_links.txt
[0.798s] writing entry points to ../build/my_turtle_controller/my_turtle_controller.egg-info/entry_points.txt
[0.798s] writing requirements to ../build/my_turtle_controller/my_turtle_controller.egg-info/requires.txt
[0.798s] writing top-level names to ../build/my_turtle_controller/my_turtle_controller.egg-info/top_level.txt
[0.798s] writing manifest file '../build/my_turtle_controller/my_turtle_controller.egg-info/SOURCES.txt'
[0.825s] reading manifest file '../build/my_turtle_controller/my_turtle_controller.egg-info/SOURCES.txt'
[0.825s] writing manifest file '../build/my_turtle_controller/my_turtle_controller.egg-info/SOURCES.txt'
[0.825s] running build
[0.825s] running build_py
[0.826s] creating /home/jesus-rivera/ros2_jazzy/turtlesim_ws/src/build/my_turtle_controller/build
[0.826s] creating /home/jesus-rivera/ros2_jazzy/turtlesim_ws/src/build/my_turtle_controller/build/lib
[0.826s] creating /home/jesus-rivera/ros2_jazzy/turtlesim_ws/src/build/my_turtle_controller/build/lib/my_turtle_controller
[0.826s] copying my_turtle_controller/move_turtle.py -> /home/jesus-rivera/ros2_jazzy/turtlesim_ws/src/build/my_turtle_controller/build/lib/my_turtle_controller
[0.826s] copying my_turtle_controller/__init__.py -> /home/jesus-rivera/ros2_jazzy/turtlesim_ws/src/build/my_turtle_controller/build/lib/my_turtle_controller
[0.826s] running install
[0.830s] running install_lib
[0.844s] creating /home/jesus-rivera/ros2_jazzy/turtlesim_ws/src/install/my_turtle_controller/lib/python3.12/site-packages/my_turtle_controller
[0.844s] copying /home/jesus-rivera/ros2_jazzy/turtlesim_ws/src/build/my_turtle_controller/build/lib/my_turtle_controller/move_turtle.py -> /home/jesus-rivera/ros2_jazzy/turtlesim_ws/src/install/my_turtle_controller/lib/python3.12/site-packages/my_turtle_controller
[0.844s] copying /home/jesus-rivera/ros2_jazzy/turtlesim_ws/src/build/my_turtle_controller/build/lib/my_turtle_controller/__init__.py -> /home/jesus-rivera/ros2_jazzy/turtlesim_ws/src/install/my_turtle_controller/lib/python3.12/site-packages/my_turtle_controller
[0.844s] byte-compiling /home/jesus-rivera/ros2_jazzy/turtlesim_ws/src/install/my_turtle_controller/lib/python3.12/site-packages/my_turtle_controller/move_turtle.py to move_turtle.cpython-312.pyc
[0.845s] byte-compiling /home/jesus-rivera/ros2_jazzy/turtlesim_ws/src/install/my_turtle_controller/lib/python3.12/site-packages/my_turtle_controller/__init__.py to __init__.cpython-312.pyc
[0.845s] running install_data
[0.845s] creating /home/jesus-rivera/ros2_jazzy/turtlesim_ws/src/install/my_turtle_controller/share/ament_index
[0.845s] creating /home/jesus-rivera/ros2_jazzy/turtlesim_ws/src/install/my_turtle_controller/share/ament_index/resource_index
[0.845s] creating /home/jesus-rivera/ros2_jazzy/turtlesim_ws/src/install/my_turtle_controller/share/ament_index/resource_index/packages
[0.845s] copying resource/my_turtle_controller -> /home/jesus-rivera/ros2_jazzy/turtlesim_ws/src/install/my_turtle_controller/share/ament_index/resource_index/packages
[0.845s] copying package.xml -> /home/jesus-rivera/ros2_jazzy/turtlesim_ws/src/install/my_turtle_controller/share/my_turtle_controller
[0.845s] running install_egg_info
[0.860s] Copying ../build/my_turtle_controller/my_turtle_controller.egg-info to /home/jesus-rivera/ros2_jazzy/turtlesim_ws/src/install/my_turtle_controller/lib/python3.12/site-packages/my_turtle_controller-0.0.0-py3.12.egg-info
[0.860s] running install_scripts
[0.955s] Installing move_turtle script to /home/jesus-rivera/ros2_jazzy/turtlesim_ws/src/install/my_turtle_controller/lib/my_turtle_controller
[0.955s] writing list of installed files to '/home/jesus-rivera/ros2_jazzy/turtlesim_ws/src/build/my_turtle_controller/install.log'
[0.976s] Invoked command in '/home/jesus-rivera/ros2_jazzy/turtlesim_ws/src/my_turtle_controller' returned '0': DEBUGINFOD_URLS=https://debuginfod.ubuntu.com PYTHONPATH=/home/jesus-rivera/ros2_jazzy/turtlesim_ws/src/build/my_turtle_controller/prefix_override:/usr/lib/python3/dist-packages/colcon_core/task/python/colcon_distutils_commands:/home/jesus-rivera/ros2_jazzy/turtlesim_ws/src/install/my_turtle_controller/lib/python3.12/site-packages:${PYTHONPATH} /usr/bin/python3 -W ignore:setup.py install is deprecated -W ignore:easy_install command is deprecated setup.py egg_info --egg-base ../build/my_turtle_controller build --build-base /home/jesus-rivera/ros2_jazzy/turtlesim_ws/src/build/my_turtle_controller/build install --record /home/jesus-rivera/ros2_jazzy/turtlesim_ws/src/build/my_turtle_controller/install.log --single-version-externally-managed install_data
