[0.600s] Invoking command in '/home/jesus-rivera/ros2_jazzy/turtlesim_ws/src/my_turtle_controller': DEBUGINFOD_URLS=https://debuginfod.ubuntu.com PYTHONPATH=/home/jesus-rivera/ros2_jazzy/turtlesim_ws/build/my_turtle_controller/prefix_override:/usr/lib/python3/dist-packages/colcon_core/task/python/colcon_distutils_commands:/home/jesus-rivera/ros2_jazzy/turtlesim_ws/install/my_turtle_controller/lib/python3.12/site-packages:${PYTHONPATH} /usr/bin/python3 -W ignore:setup.py install is deprecated -W ignore:easy_install command is deprecated setup.py egg_info --egg-base ../../build/my_turtle_controller build --build-base /home/jesus-rivera/ros2_jazzy/turtlesim_ws/build/my_turtle_controller/build install --record /home/jesus-rivera/ros2_jazzy/turtlesim_ws/build/my_turtle_controller/install.log --single-version-externally-managed install_data
[0.783s] running egg_info
[0.796s] writing ../../build/my_turtle_controller/my_turtle_controller.egg-info/PKG-INFO
[0.796s] writing dependency_links to ../../build/my_turtle_controller/my_turtle_controller.egg-info/dependency_links.txt
[0.796s] writing entry points to ../../build/my_turtle_controller/my_turtle_controller.egg-info/entry_points.txt
[0.796s] writing requirements to ../../build/my_turtle_controller/my_turtle_controller.egg-info/requires.txt
[0.796s] writing top-level names to ../../build/my_turtle_controller/my_turtle_controller.egg-info/top_level.txt
[0.823s] reading manifest file '../../build/my_turtle_controller/my_turtle_controller.egg-info/SOURCES.txt'
[0.823s] writing manifest file '../../build/my_turtle_controller/my_turtle_controller.egg-info/SOURCES.txt'
[0.823s] running build
[0.823s] running build_py
[0.824s] running install
[0.828s] running install_lib
[0.843s] running install_data
[0.843s] running install_egg_info
[0.858s] removing '/home/jesus-rivera/ros2_jazzy/turtlesim_ws/install/my_turtle_controller/lib/python3.12/site-packages/my_turtle_controller-0.0.0-py3.12.egg-info' (and everything under it)
[0.858s] Copying ../../build/my_turtle_controller/my_turtle_controller.egg-info to /home/jesus-rivera/ros2_jazzy/turtlesim_ws/install/my_turtle_controller/lib/python3.12/site-packages/my_turtle_controller-0.0.0-py3.12.egg-info
[0.858s] running install_scripts
[0.948s] Installing move_turtle script to /home/jesus-rivera/ros2_jazzy/turtlesim_ws/install/my_turtle_controller/lib/my_turtle_controller
[0.948s] writing list of installed files to '/home/jesus-rivera/ros2_jazzy/turtlesim_ws/build/my_turtle_controller/install.log'
[0.969s] Invoked command in '/home/jesus-rivera/ros2_jazzy/turtlesim_ws/src/my_turtle_controller' returned '0': DEBUGINFOD_URLS=https://debuginfod.ubuntu.com PYTHONPATH=/home/jesus-rivera/ros2_jazzy/turtlesim_ws/build/my_turtle_controller/prefix_override:/usr/lib/python3/dist-packages/colcon_core/task/python/colcon_distutils_commands:/home/jesus-rivera/ros2_jazzy/turtlesim_ws/install/my_turtle_controller/lib/python3.12/site-packages:${PYTHONPATH} /usr/bin/python3 -W ignore:setup.py install is deprecated -W ignore:easy_install command is deprecated setup.py egg_info --egg-base ../../build/my_turtle_controller build --build-base /home/jesus-rivera/ros2_jazzy/turtlesim_ws/build/my_turtle_controller/build install --record /home/jesus-rivera/ros2_jazzy/turtlesim_ws/build/my_turtle_controller/install.log --single-version-externally-managed install_data
