[0.693s] Invoking command in '/home/jesus-rivera/ros2_jazzy/turtlesim_ws/src/my_turtle_controller': DEBUGINFOD_URLS=https://debuginfod.ubuntu.com PYTHONPATH=/home/jesus-rivera/ros2_jazzy/turtlesim_ws/src/build/my_turtle_controller/prefix_override:/usr/lib/python3/dist-packages/colcon_core/task/python/colcon_distutils_commands:/home/jesus-rivera/ros2_jazzy/turtlesim_ws/src/install/my_turtle_controller/lib/python3.12/site-packages:${PYTHONPATH} /usr/bin/python3 -W ignore:setup.py install is deprecated -W ignore:easy_install command is deprecated setup.py egg_info --egg-base ../build/my_turtle_controller build --build-base /home/jesus-rivera/ros2_jazzy/turtlesim_ws/src/build/my_turtle_controller/build install --record /home/jesus-rivera/ros2_jazzy/turtlesim_ws/src/build/my_turtle_controller/install.log --single-version-externally-managed install_data
[0.850s] running egg_info
[0.860s] writing ../build/my_turtle_controller/my_turtle_controller.egg-info/PKG-INFO
[0.861s] writing dependency_links to ../build/my_turtle_controller/my_turtle_controller.egg-info/dependency_links.txt
[0.861s] writing entry points to ../build/my_turtle_controller/my_turtle_controller.egg-info/entry_points.txt
[0.861s] writing requirements to ../build/my_turtle_controller/my_turtle_controller.egg-info/requires.txt
[0.861s] writing top-level names to ../build/my_turtle_controller/my_turtle_controller.egg-info/top_level.txt
[0.885s] reading manifest file '../build/my_turtle_controller/my_turtle_controller.egg-info/SOURCES.txt'
[0.886s] writing manifest file '../build/my_turtle_controller/my_turtle_controller.egg-info/SOURCES.txt'
[0.886s] running build
[0.886s] running build_py
[0.886s] copying my_turtle_controller/move_turtle.py -> /home/jesus-rivera/ros2_jazzy/turtlesim_ws/src/build/my_turtle_controller/build/lib/my_turtle_controller
[0.886s] running install
[0.890s] running install_lib
[0.901s] copying /home/jesus-rivera/ros2_jazzy/turtlesim_ws/src/build/my_turtle_controller/build/lib/my_turtle_controller/move_turtle.py -> /home/jesus-rivera/ros2_jazzy/turtlesim_ws/src/install/my_turtle_controller/lib/python3.12/site-packages/my_turtle_controller
[0.901s] byte-compiling /home/jesus-rivera/ros2_jazzy/turtlesim_ws/src/install/my_turtle_controller/lib/python3.12/site-packages/my_turtle_controller/move_turtle.py to move_turtle.cpython-312.pyc
[0.902s] running install_data
[0.902s] running install_egg_info
[0.914s] removing '/home/jesus-rivera/ros2_jazzy/turtlesim_ws/src/install/my_turtle_controller/lib/python3.12/site-packages/my_turtle_controller-0.0.0-py3.12.egg-info' (and everything under it)
[0.914s] Copying ../build/my_turtle_controller/my_turtle_controller.egg-info to /home/jesus-rivera/ros2_jazzy/turtlesim_ws/src/install/my_turtle_controller/lib/python3.12/site-packages/my_turtle_controller-0.0.0-py3.12.egg-info
[0.915s] running install_scripts
[0.991s] Installing move_turtle script to /home/jesus-rivera/ros2_jazzy/turtlesim_ws/src/install/my_turtle_controller/lib/my_turtle_controller
[0.991s] writing list of installed files to '/home/jesus-rivera/ros2_jazzy/turtlesim_ws/src/build/my_turtle_controller/install.log'
[1.008s] Invoked command in '/home/jesus-rivera/ros2_jazzy/turtlesim_ws/src/my_turtle_controller' returned '0': DEBUGINFOD_URLS=https://debuginfod.ubuntu.com PYTHONPATH=/home/jesus-rivera/ros2_jazzy/turtlesim_ws/src/build/my_turtle_controller/prefix_override:/usr/lib/python3/dist-packages/colcon_core/task/python/colcon_distutils_commands:/home/jesus-rivera/ros2_jazzy/turtlesim_ws/src/install/my_turtle_controller/lib/python3.12/site-packages:${PYTHONPATH} /usr/bin/python3 -W ignore:setup.py install is deprecated -W ignore:easy_install command is deprecated setup.py egg_info --egg-base ../build/my_turtle_controller build --build-base /home/jesus-rivera/ros2_jazzy/turtlesim_ws/src/build/my_turtle_controller/build install --record /home/jesus-rivera/ros2_jazzy/turtlesim_ws/src/build/my_turtle_controller/install.log --single-version-externally-managed install_data
